Arguments: 
  C:\Program Files\nodejs\node.exe C:\Program Files (x86)\Yarn\bin\yarn.js add lite-server --dev

PATH: 
  C:\Python27\;C:\Python27\Scripts;C:\ProgramData\Oracle\Java\javapath;D:\app\client\jr_ac\product\12.1.0\client_1;D:\app\client\jr_ac\product\12.1.0\client_1\bin;C:\WINDOWS\system32;C:\WINDOWS;C:\WINDOWS\System32\Wbem;C:\WINDOWS\System32\WindowsPowerShell\v1.0\;C:\Program Files\Microsoft SQL Server\120\Tools\Binn\;C:\Program Files\Microsoft\Web Platform Installer\;C:\Program Files\TortoiseGit\bin;C:\Program Files\Microsoft SQL Server\130\Tools\Binn\;C:\Program Files\Microsoft Windows Performance Toolkit\;C:\Program Files\Oracle\VirtualBox;C:\Program Files (x86)\Microsoft SQL Server\110\Tools\Binn\ManagementStudio\;C:\Program Files (x86)\Microsoft SQL Server\110\Tools\Binn\;C:\Program Files (x86)\Microsoft SQL Server\110\DTS\Binn\;C:\Program Files\Microsoft SQL Server\Client SDK\ODBC\130\Tools\Binn\;C:\Program Files (x86)\Microsoft SQL Server\130\Tools\Binn\;C:\Program Files\Microsoft SQL Server\130\DTS\Binn\;C:\Program Files (x86)\MSBuild\14.0\Bin;C:\Oracle\instantclient;C:\Program Files\MySQL\MySQL Utilities 1.6\;C:\Program Files\Microsoft SQL Server\Client SDK\ODBC\110\Tools\Binn\;C:\Program Files (x86)\Microsoft SQL Server\120\Tools\Binn\;C:\Program Files\Microsoft SQL Server\120\DTS\Binn\;C:\Program Files (x86)\Microsoft SQL Server\120\Tools\Binn\ManagementStudio\;C:\Program Files (x86)\Microsoft SQL Server\120\DTS\Binn\;C:\Program Files\nodejs\;C:\Program Files (x86)\NVIDIA Corporation\PhysX\Common;D:\Softwares;C:\Program Files\dotnet\;C:\Program Files\Git\cmd;C:\Program Files (x86)\Skype\Phone\;C:\Go\bin;C:\WINDOWS\system32;C:\WINDOWS;C:\WINDOWS\System32\Wbem;C:\WINDOWS\System32\WindowsPowerShell\v1.0\;C:\Program Files (x86)\Yarn\bin;C:\Program Files (x86)\Microsoft VS Code\bin;C:\Users\jr_ac\AppData\Local\Microsoft\WindowsApps;C:\Users\jr_ac\AppData\Local\atom\bin;C:\Users\jr_ac\AppData\Roaming\npm;C:\Users\jr_ac\AppData\Local\Yarn\.bin

Yarn version: 
  0.23.3

Node version: 
  6.9.2

Platform: 
  win32 x64

npm manifest: 
  {
    "name": "apresentacaoneto",
    "version": "1.0.0",
    "description": "",
    "main": "app.js",
    "scripts": {
      "test": "echo \"Error: no test specified\" && exit 1"
    },
    "repository": {
      "type": "git",
      "url": "git+https://github.com/juninmd/ApresentacaoNeto.git"
    },
    "author": "",
    "license": "ISC",
    "bugs": {
      "url": "https://github.com/juninmd/ApresentacaoNeto/issues"
    },
    "homepage": "https://github.com/juninmd/ApresentacaoNeto#readme",
    "dependencies": {
      "bootstrap": "^3.3.7"
    }
  }

yarn manifest: 
  No manifest

Lockfile: 
  No lockfile

Trace: 
  Error: getaddrinfo ENOTFOUND registry.yarnpkg.com registry.yarnpkg.com:443
      at errnoException (dns.js:28:10)
      at GetAddrInfoReqWrap.onlookup [as oncomplete] (dns.js:76:26)
